<?xml version="1.0" encoding="UTF-8"?>
<testsuite name="ru.stqa.pft.addressbook.tests.GroupCreationTests" tests="5" skipped="0" failures="0" errors="0" timestamp="2025-09-19T20:05:27.673Z" hostname="VITALY-PC67" time="3.184">
  <properties/>
  <testcase name="testGroupCreation[0](GroupData{id='2147483647'name='test 0', header='header 0', footer='footer 0'})" classname="ru.stqa.pft.addressbook.tests.GroupCreationTests" time="1.111"/>
  <testcase name="testGroupCreation[1](GroupData{id='2147483647'name='test 1', header='header 1', footer='footer 1'})" classname="ru.stqa.pft.addressbook.tests.GroupCreationTests" time="0.518"/>
  <testcase name="testGroupCreation[2](GroupData{id='2147483647'name='test 2', header='header 2', footer='footer 2'})" classname="ru.stqa.pft.addressbook.tests.GroupCreationTests" time="0.481"/>
  <testcase name="testGroupCreation[3](GroupData{id='2147483647'name='test 3', header='header 3', footer='footer 3'})" classname="ru.stqa.pft.addressbook.tests.GroupCreationTests" time="0.467"/>
  <testcase name="testGroupCreation[4](GroupData{id='2147483647'name='test 4', header='header 4', footer='footer 4'})" classname="ru.stqa.pft.addressbook.tests.GroupCreationTests" time="0.505"/>
  <system-out><![CDATA[00:05:27.673 INFO  r.s.pft.addressbook.tests.TestBase - Start test testGroupCreation with parameters [GroupData{id='2147483647'name='test 0', header='header 0', footer='footer 0'}]
00:05:28.868 INFO  r.s.pft.addressbook.tests.TestBase - Stop test testGroupCreation
00:05:28.868 INFO  r.s.pft.addressbook.tests.TestBase - Start test testGroupCreation with parameters [GroupData{id='2147483647'name='test 1', header='header 1', footer='footer 1'}]
00:05:29.386 INFO  r.s.pft.addressbook.tests.TestBase - Stop test testGroupCreation
00:05:29.386 INFO  r.s.pft.addressbook.tests.TestBase - Start test testGroupCreation with parameters [GroupData{id='2147483647'name='test 2', header='header 2', footer='footer 2'}]
00:05:29.869 INFO  r.s.pft.addressbook.tests.TestBase - Stop test testGroupCreation
00:05:29.869 INFO  r.s.pft.addressbook.tests.TestBase - Start test testGroupCreation with parameters [GroupData{id='2147483647'name='test 3', header='header 3', footer='footer 3'}]
00:05:30.352 INFO  r.s.pft.addressbook.tests.TestBase - Stop test testGroupCreation
00:05:30.352 INFO  r.s.pft.addressbook.tests.TestBase - Start test testGroupCreation with parameters [GroupData{id='2147483647'name='test 4', header='header 4', footer='footer 4'}]
00:05:30.858 INFO  r.s.pft.addressbook.tests.TestBase - Stop test testGroupCreation
]]></system-out>
  <system-err><![CDATA[]]></system-err>
</testsuite>
