<?xml version="1.0" encoding="UTF-8"?>
<testsuite name="ru.stqa.pft.addressbook.tests.GroupModificationTests" tests="1" skipped="0" failures="0" errors="0" timestamp="2025-09-19T20:05:30.867Z" hostname="VITALY-PC67" time="0.565">
  <properties/>
  <testcase name="testGroupModification" classname="ru.stqa.pft.addressbook.tests.GroupModificationTests" time="0.565"/>
  <system-out><![CDATA[00:05:30.861 INFO  r.s.pft.addressbook.tests.TestBase - Start test testGroupModification with parameters []
00:05:31.433 INFO  r.s.pft.addressbook.tests.TestBase - Stop test testGroupModification
]]></system-out>
  <system-err><![CDATA[]]></system-err>
</testsuite>
