<?xml version="1.0" encoding="UTF-8"?>
<testsuite name="ru.stqa.pft.addressbook.tests.GroupDeletionTests" tests="1" skipped="0" failures="0" errors="0" timestamp="2025-09-19T20:05:31.441Z" hostname="VITALY-PC67" time="0.28">
  <properties/>
  <testcase name="testGroupDeletion" classname="ru.stqa.pft.addressbook.tests.GroupDeletionTests" time="0.28"/>
  <system-out><![CDATA[00:05:31.434 INFO  r.s.pft.addressbook.tests.TestBase - Start test testGroupDeletion with parameters []
00:05:31.723 INFO  r.s.pft.addressbook.tests.TestBase - Stop test testGroupDeletion
]]></system-out>
  <system-err><![CDATA[]]></system-err>
</testsuite>
